v2.1.1 h1:X9k1+ehZPYYrSqBvf/ocUgdLSRIuiNiMo7CvyGUQKeA=
path: command-line-arguments
main: caddy (devel) 
dependencies:
cloud.google.com/go v0.54.0 h1:3ithwDMr7/3vpAMXiH+ZQnYbuIsh+OPhUPMFC9enmn0=
github.com/AndreasBriese/bbloom v0.0.0-20190306092124-e2d15f34fcf9 h1:HD8gA2tkByhMAwYaFAX9w2l7vxvBQ5NMoxDrkhqhtn4=
github.com/Masterminds/goutils v1.1.0 h1:zukEsf/1JZwCMgHiK3GZftabmxiCw4apj3a28RPBiVg=
github.com/Masterminds/semver/v3 v3.1.0 h1:Y2lUDsFKVRSYGojLJ1yLxSXdMmMYTYls0rCvoqmMUQk=
github.com/Masterminds/sprig/v3 v3.1.0 h1:j7GpgZ7PdFqNsmncycTHsLmVPf5/3wJtlgW9TNDYD9Y=
github.com/alecthomas/chroma v0.7.4-0.20200517063913-500529fd43c1 h1:9jsf8ot7rz1BywS9yYLkSiIeqU8LQw1D8gXVgdqsbvs=
github.com/antlr/antlr4 v0.0.0-20200503195918-621b933c7a7f h1:0cEys61Sr2hUBEXfNV8eyQP01oZuBgoMeHunebPirK8=
github.com/caddyserver/caddy/v2 v2.1.1 h1:X9k1+ehZPYYrSqBvf/ocUgdLSRIuiNiMo7CvyGUQKeA=
github.com/caddyserver/certmagic v0.11.2 h1:nPBqyuFNHJEf2FwC1ixJjArtTKWyPqpaH6k4jl7gxYI=
github.com/cenkalti/backoff/v4 v4.0.0 h1:6VeaLF9aI+MAUQ95106HwWzYZgJJpZ4stumjj6RFYAU=
github.com/cespare/xxhash v1.1.0 h1:a6HrQnmkObjyL+Gs60czilIUGqrzKutQD6XZog3p+ko=
github.com/cheekybits/genny v1.0.0 h1:uGGa4nei+j20rOSeDeP5Of12XVm7TGUd4dJA9RDitfE=
github.com/chzyer/readline v0.0.0-20180603132655-2972be24d48e h1:fY5BOSpyZCqRo5OhCuC+XN+r/bBCmeuuJtjz+bCNIf8=
github.com/cpuguy83/go-md2man/v2 v2.0.0 h1:EoUDS0afbrsXAZ9YQ9jdu/mZ2sXgT1/2yyNng4PGlyM=
github.com/danwakefield/fnmatch v0.0.0-20160403171240-cbb64ac3d964 h1:y5HC9v93H5EPKqaS1UYVg1uYah5Xf51mBfIoWehClUQ=
github.com/dgraph-io/badger v1.5.3 h1:5oWIuRvwn93cie+OSt1zSnkaIQ1JFQM8bGlIv6O6Sts=
github.com/dgraph-io/badger/v2 v2.0.1-rc1.0.20200413122845-09dd2e1a4195 h1:n8KbImHW5qZCXv1y3tHjz5yz418/eTxeRJZ2ZuDm1ZU=
github.com/dgraph-io/ristretto v0.0.2-0.20200115201040-8f368f2f2ab3 h1:MQLRM35Pp0yAyBYksjbj1nZI/w6eyRY/mWoM1sFf4kU=
github.com/dgryski/go-farm v0.0.0-20190423205320-6a90982ecee2 h1:tdlZCpZ/P9DhczCTSixgIKmwPv6+wP5DGjqLYw5SUiA=
github.com/dlclark/regexp2 v1.2.0 h1:8sAhBGEM0dRWogWqWyQeIJnxjWO6oIjl8FKqREDsGfk=
github.com/dustin/go-humanize v1.0.1-0.20200219035652-afde56e7acac h1:opbrjaN/L8gg6Xh5D04Tem+8xVcz6ajZlGCs49mQgyg=
github.com/francoispqt/gojay v1.2.13 h1:d2m3sFjloqoIUQU3TsHBgj6qg/BVGlTBeHDUmyJnXKk=
github.com/go-acme/lego/v3 v3.7.0 h1:qC5/8/CbltyAE8fGLE6bGlqucj7pXc/vBxiLwLOsmAQ=
github.com/go-chi/chi v4.1.2+incompatible h1:fGFk2Gmi/YKXk0OmGfBh0WgmN3XB8lVnEyNz34tQRec=
github.com/go-sql-driver/mysql v1.5.0 h1:ozyZYNQW3x3HtqT1jira07DN2PArx2v7/mN66gGcHOs=
github.com/golang/groupcache v0.0.0-20200121045136-8c9f03a8e57e h1:1r7pUrabqp18hOBcwBwiTsbnFeTZHV9eER/QT5JVZxY=
github.com/golang/protobuf v1.4.1 h1:ZFgWrT+bLgsYPirOnRfKLYJLvssAegOj/hgyMFdJZe0=
github.com/golang/snappy v0.0.1 h1:Qgr9rKW7uDUkrbSmQeiDsGa8SjGyCOGtuasMWwvp2P4=
github.com/google/cel-go v0.5.1 h1:oDsbtAwlwFPEcC8dMoRWNuVzWJUDeDZeHjoet9rXjTs=
github.com/google/go-cmp v0.5.0 h1:/QaMHBdZ26BB3SSst0Iwl10Epc+xhTquomWX0oZEB6w=
github.com/google/uuid v1.1.1 h1:Gkbcsh/GbpXz7lPftLA3P6TYMwjCLYm83jiFQZF/3gY=
github.com/googleapis/gax-go/v2 v2.0.5 h1:sjZBwGj9Jlw33ImPtvFviGYvseOtDM7hkSKB7+Tv3SM=
github.com/huandu/xstrings v1.3.1 h1:4jgBlKK6tLKFvO8u5pmYjG91cqytmDCDvGh7ECVFfFs=
github.com/imdario/mergo v0.3.8 h1:CGgOkSJeqMRmt0D9XLWExdT4m4F1vd3FV3VPt+0VxkQ=
github.com/jsternberg/zap-logfmt v1.2.0 h1:1v+PK4/B48cy8cfQbxL4FmmNZrjnIMr2BsnyEmXqv2o=
github.com/juju/ansiterm v0.0.0-20180109212912-720a0952cc2a h1:FaWFmfWdAUKbSCtOU2QjDaorUexogfaMgbipgYATUMU=
github.com/klauspost/compress v1.10.10 h1:a/y8CglcM7gLGYmlbP/stPE5sR3hbhFRUjCBfd/0B3I=
github.com/klauspost/cpuid v1.3.0 h1:2JqaNE1hGdABW2YbA3TenkO7RiPFRvSWnEnGqWh9sHE=
github.com/libdns/libdns v0.0.0-20200501023120-186724ffc821 h1:663opx/RKxiISi1ozf0WbvweQpYBgf34dx8hKSIau3w=
github.com/lucas-clemente/quic-go v0.17.1 h1:ezsH76xpn6hKugfsXUy6voIJBFmAOwnM/Oy9F4b/n+M=
github.com/lunixbochs/vtclean v1.0.0 h1:xu2sLAri4lGiovBDQKxl5mrXyESr3gUr5m5SM5+LVb8=
github.com/manifoldco/promptui v0.3.1 h1:BxqNa7q1hVHXIXy3iupJMkXYS3aHhbubJWv2Jmg6x64=
github.com/marten-seemann/qpack v0.1.0 h1:/0M7lkda/6mus9B8u34Asqm8ZhHAAt9Ho0vniNuVSVg=
github.com/marten-seemann/qtls v0.9.1 h1:O0YKQxNVPaiFgMng0suWEOY2Sb4LT2sRn9Qimq3Z1IQ=
github.com/mattn/go-colorable v0.1.6 h1:6Su7aK7lXmJ/U79bYtBjLNaha4Fs1Rg9plHpcH+vvnE=
github.com/mattn/go-isatty v0.0.12 h1:wuysRhFDzyxgEmMf5xjvJ2M9dZoWAXNNr5LSBS7uHXY=
github.com/miekg/dns v1.1.27 h1:aEH/kqUzUxGJ/UHcEKdJY+ugH6WEzsEBBSPa8zuy1aM=
github.com/mitchellh/copystructure v1.0.0 h1:Laisrj+bAB6b/yJwB5Bt3ITZhGJdqmxquMKeZ+mmkFQ=
github.com/mitchellh/reflectwalk v1.0.0 h1:9D+8oIskB4VJBN5SFlmc27fSlIBZaov1Wpk/IfikLNY=
github.com/naoina/go-stringutil v0.1.0 h1:rCUeRUHjBjGTSHl0VC00jUPLz8/F9dDzYI70Hzifhks=
github.com/naoina/toml v0.1.1 h1:PT/lllxVVN0gzzSqSlHEmP8MJB4MY2U7STGxiouV4X8=
github.com/pkg/errors v0.9.1 h1:FEBLx1zS214owpjy7qsBeixbURkuhQAwrK5UwLGTwt4=
github.com/rs/xid v1.2.1 h1:mhH9Nq+C1fY2l1XIpgxIiUOfNpRBYH1kKcr+qfKgjRc=
github.com/russross/blackfriday/v2 v2.0.1 h1:lPqVAte+HuHNfhJ/0LC98ESWRz8afy9tM/0RK8m9o+Q=
github.com/samfoo/ansi v0.0.0-20160124022901-b6bd2ded7189 h1:CmSpbxmewNQbzqztaY0bke1qzHhyNyC29wYgh17Gxfo=
github.com/shurcooL/sanitized_anchor_name v1.0.0 h1:PdmoCO6wvbs+7yrJyMORt4/BmY5IYyJwS/kOiWx8mHo=
github.com/sirupsen/logrus v1.4.2 h1:SPIRibHv4MatM3XXNO2BJeFLZwZ2LvZgfQ5+UNI2im4=
github.com/smallstep/certificates v0.15.0-rc.1.0.20200506212953-e855707dc274 h1:3rzfukPUfHp5K4gscalOzpCDAfnZJKETfZpmGLprFt4=
github.com/smallstep/cli v0.14.4 h1:oaaGwY1iNSHmIC6baiJhdZoLGmXJ0rXyRcxl3Q73SDE=
github.com/smallstep/nosql v0.3.0 h1:V1X5vfDsDt89499h3jZFUlR4VnnsYYs5tXaQZ0w8z5U=
github.com/smallstep/truststore v0.9.5 h1:KQ6bFXUadu3PG57sFSIBsu2pb/35NqO+MyS2Pvi62bA=
github.com/spf13/cast v1.3.1 h1:nFm6S0SMdyzrzcmThSipiEubIDy8WEXKNZ0UOgiRpng=
github.com/urfave/cli v1.22.2 h1:gsqYFH8bb9ekPA12kRo0hfjngWQjkJPlN9R0N78BoUo=
github.com/yuin/goldmark v1.1.32 h1:5tjfNdR2ki3yYQ842+eX2sQHeiwpKJ0RnHO4IYOc4V8=
github.com/yuin/goldmark-highlighting v0.0.0-20200307114337-60d527fdb691 h1:VWSxtAiQNh3zgHJpdpkpVYjTPqRE3P6UZCOPa1nRDio=
go.etcd.io/bbolt v1.3.2 h1:Z/90sZLPOeCy2PwprqkFa25PdkusRzaj9P8zm/KNyvk=
go.opencensus.io v0.22.3 h1:8sGtKOrtQqkN1bp2AtX+misvLIlOmsEsNd+9NIcPEm8=
go.uber.org/atomic v1.6.0 h1:Ezj3JGmsOnG1MoRWQkPBsKLe9DwWD9QeXzTRzzldNVk=
go.uber.org/multierr v1.5.0 h1:KCa4XfM8CWFCpxXRGok+Q0SS/0XBhMDbHHGABQLvD2A=
go.uber.org/zap v1.15.0 h1:ZZCA22JRF2gQE5FoNmhmrf7jeJJ2uhqDUNRYKm8dvmM=
golang.org/x/crypto v0.0.0-20200622213623-75b288015ac9 h1:psW17arqaxU48Z5kZ0CQnkZWQJsqcURM6tKiBApRjXI=
golang.org/x/net v0.0.0-20200625001655-4c5254603344 h1:vGXIOMxbNfDTk/aXCmfdLgkrSV+Z2tcbze+pEc3v5W4=
golang.org/x/oauth2 v0.0.0-20200107190931-bf48bf16ab8d h1:TzXSXBo42m9gQenoE3b9BGiEpg5IG2JkU5FkPIawgtw=
golang.org/x/sys v0.0.0-20200413165638-669c56c373c4 h1:opSr2sbRXk5X5/givKrrKj9HXxFpW2sdCiP8MJSKLQY=
golang.org/x/text v0.3.2 h1:tW2bmiBqwgJj/UpqtC8EpXEZVYOwU0yG4iWbprSVAcs=
google.golang.org/api v0.20.0 h1:jz2KixHX7EcCPiQrySzPdnYT7DbINAypCqKZ1Z7GM40=
google.golang.org/genproto v0.0.0-20200526211855-cb27e3aa2013 h1:+kGHl1aib/qcwaRi1CbqBZ1rk19r85MNUf8HaBghugY=
google.golang.org/grpc v1.27.1 h1:zvIju4sqAGvwKspUQOhwnpcqSbzi7/H6QomNNjTL4sk=
google.golang.org/protobuf v1.25.0 h1:Ejskq+SyPohKW+1uil0JJMtmHCgJPJ/qWTxr8qp+R4c=
gopkg.in/natefinch/lumberjack.v2 v2.0.0 h1:1Lc07Kr7qY4U2YPouBjpCLxpiyxIVoxqXgkXLknAOE8=
gopkg.in/square/go-jose.v2 v2.4.0 h1:0kXPskUMGAXXWJlP05ktEMOV0vmzFQUWw6d+aZJQU8A=
gopkg.in/yaml.v2 v2.3.0 h1:clyUAQHOM3G0M3f5vQj7LuJrETvjVot3Z5el9nffUtU=
{"level":"info","ts":1594418023.6324239,"msg":"using adjacent Caddyfile"}
{"level":"info","ts":1594418023.6342423,"logger":"admin","msg":"admin endpoint started","address":"tcp/localhost:2019","enforce_origin":false,"origins":["localhost:2019","[::1]:2019","127.0.0.1:2019"]}
2020/07/10 17:53:43 [INFO][cache:0xc00007d6e0] Started certificate maintenance routine
{"level":"info","ts":1594418023.6344771,"logger":"tls","msg":"cleaned up storage units"}
{"level":"debug","ts":1594418023.6345503,"logger":"http","msg":"starting server loop","address":"[::]:8080","http3":false,"tls":false}
{"level":"info","ts":1594418023.6346567,"msg":"autosaved config","file":"/home/gmacon/.config/caddy/autosave.json"}
{"level":"info","ts":1594418023.6346655,"msg":"serving initial configuration"}
{"level":"debug","ts":1594418029.6588871,"logger":"http.handlers.reverse_proxy","msg":"upstream roundtrip","upstream":"127.0.0.1:65535","request":{"method":"GET","uri":"/","proto":"HTTP/1.1","remote_addr":"127.0.0.1:58392","host":"127.0.0.1:8080","headers":{"X-Forwarded-For":["127.0.0.1"],"User-Agent":["curl/7.71.1"],"Accept":["*/*"],"X-Forwarded-Proto":["http"]}},"duration":4.998499177,"error":"context canceled"}
{"level":"info","ts":1594418029.6614149,"msg":"shutting down apps then terminating","signal":"SIGTERM"}
2020/07/10 17:53:49 [INFO][cache:0xc00007d6e0] Stopped certificate maintenance routine
{"level":"info","ts":1594418029.661568,"logger":"admin","msg":"stopped previous server"}
{"level":"info","ts":1594418029.661614,"msg":"shutdown done","signal":"SIGTERM"}
